1: barber: checks
2: customer 1: created
3: customer 1: enters
4: barber: ready
5: customer 1: ready
6: customer 2: created
7: customer 2: enters
8: barber: finished
9: barber: checks
10: barber: ready
11: customer 1: served
12: customer 3: created
13: customer 3: enters
14: customer 2: ready
15: customer 4: created
16: customer 4: refused
17: barber: finished
18: barber: checks
19: barber: ready
20: customer 2: served
21: customer 3: ready
22: customer 5: created
23: customer 5: enters
24: barber: finished
25: barber: checks
26: barber: ready
27: customer 3: served
28: customer 5: ready
29: barber: finished
30: barber: checks
31: customer 5: served
