1: barber: checks
2: customer 1: created
3: customer 1: enters
4: barber: ready
5: customer 1: ready
6: barber: finished
7: barber: checks
8: customer 1: served
9: customer 2: created
10: customer 2: enters
11: barber: ready
12: customer 3: created
13: customer 3: enters
14: customer 2: ready
15: customer 4: created
16: customer 4: enters
17: barber: finished
18: barber: checks
19: barber: ready
20: customer 3: ready
21: customer 5: created
22: customer 5: enters
23: barber: finished
24: barber: checks
25: barber: ready
26: customer 2: served
27: customer 3: served
28: customer 6: created
29: customer 6: enters
30: customer 4: ready
31: customer 7: created
32: customer 7: enters
33: barber: finished
34: barber: checks
35: barber: ready
36: customer 4: served
37: customer 5: ready
38: customer 8: created
39: customer 8: enters
40: barber: finished
41: barber: checks
42: barber: ready
43: customer 10: created
44: customer 5: served
45: customer 6: ready
46: customer 9: created
47: customer 10: enters
48: customer 9: enters
49: barber: finished
50: barber: checks
51: barber: ready
52: customer 6: served
53: customer 7: ready
54: barber: finished
55: barber: checks
56: barber: ready
57: customer 7: served
58: customer 8: ready
59: barber: finished
60: barber: checks
61: barber: ready
62: customer 10: ready
63: customer 8: served
64: barber: finished
65: barber: checks
66: barber: ready
67: customer 9: ready
68: customer 10: served
69: barber: finished
70: barber: checks
71: customer 9: served
